<?xml version="1.0" encoding="UTF-8"?>
<robot generator="Robot 7.1.1 (Python 3.13.1 on win32)" generated="2026-03-06T14:12:37.892244" rpa="false" schemaversion="5">
<suite id="s1" name="Hello" source="C:\Users\tatong\Desktop\cicd_robot\hello.robot">
<test id="s1-t1" name="Check Title Vasup" line="5">
<kw name="Open Browser" owner="SeleniumLibrary">
<msg time="2026-03-06T14:12:38.428989" level="INFO">Opening browser 'chrome' to base url 'https://www.vasup.co.th/'.</msg>
<arg>https://www.vasup.co.th/</arg>
<arg>chrome</arg>
<doc>Opens a new browser instance to the optional ``url``.</doc>
<status status="PASS" start="2026-03-06T14:12:38.428783" elapsed="3.496194"/>
</kw>
<kw name="Title Should Be" owner="SeleniumLibrary">
<msg time="2026-03-06T14:12:41.935079" level="INFO">Page title is 'VASUP'.</msg>
<arg>VASUP</arg>
<doc>Verifies that the current page title equals ``title``.</doc>
<status status="PASS" start="2026-03-06T14:12:41.925778" elapsed="0.009389"/>
</kw>
<status status="PASS" start="2026-03-06T14:12:38.427860" elapsed="3.508043"/>
</test>
<status status="PASS" start="2026-03-06T14:12:37.893687" elapsed="4.043208"/>
</suite>
<statistics>
<total>
<stat pass="1" fail="0" skip="0">All Tests</stat>
</total>
<tag>
</tag>
<suite>
<stat pass="1" fail="0" skip="0" id="s1" name="Hello">Hello</stat>
</suite>
</statistics>
<errors>
</errors>
</robot>
